{'system_type': {'system_type': 'SP'}, 'system_info': {'headless': True, 'system': 'solution', 'path_out': '/home/au555720/charmm_auto/charmmgui/'}, 'details': {'preserve': {'option': True}, 'chains': [['PROB', 'first', 'ACE']], 'email': '201605043@post.au.dk', 'engine': 'gmx', 'ff': 'c36m', 'pdb_id': '1L58', 'ions': 'NaCl', 'password': '6KNzBsY37wQc', 'temp': 310}}
/home/au555720/charmm_auto/charmmgui/xtWQkpMMNs
Waiting for: Protein Solution System
Found it!
Waiting for: Model/Chain Selection Option
Found it!
JOB ID: 6678448699
Waiting for: PDB Manipulation Options
Found it!
Traceback (most recent call last):
  File "CharmmGuiAuto.py", line 390, in run
    self.patch(chain[0], chain[1], chain[2])
  File "CharmmGuiAuto.py", line 282, in patch
    Select(self.driver.find_element(By.NAME, f'terminal[{chain}][{ter}]')).select_by_value(f'{ter_patch}')
  File "/home/au555720/miniconda3/lib/python3.7/site-packages/selenium/webdriver/remote/webdriver.py", line 1246, in find_element
    'value': value})['value']
  File "/home/au555720/miniconda3/lib/python3.7/site-packages/selenium/webdriver/remote/webdriver.py", line 424, in execute
    self.error_handler.check_response(response)
  File "/home/au555720/miniconda3/lib/python3.7/site-packages/selenium/webdriver/remote/errorhandler.py", line 247, in check_response
    raise exception_class(message, screen, stacktrace)
selenium.common.exceptions.NoSuchElementException: Message: Unable to locate element: [name="terminal[PROB][first]"]
Stacktrace:
RemoteError@chrome://remote/content/shared/RemoteError.jsm:12:1
WebDriverError@chrome://remote/content/shared/webdriver/Errors.jsm:192:5
NoSuchElementError@chrome://remote/content/shared/webdriver/Errors.jsm:404:5
element.find/</<@chrome://remote/content/marionette/element.js:291:16

Exception raised
